<?xml version="1.0" encoding="UTF-8"?>
<testsuite xmlns:xsi="http://www.w3.org/2001/XMLSchema-instance" xsi:noNamespaceSchemaLocation="https://maven.apache.org/surefire/maven-surefire-plugin/xsd/surefire-test-report.xsd" name="runner.CucumberRunner" time="9.615" tests="0" errors="0" skipped="0" failures="0">
  <properties>
    <property name="gopherProxySet" value="false"/>
    <property name="awt.toolkit" value="sun.lwawt.macosx.LWCToolkit"/>
    <property name="file.encoding.pkg" value="sun.io"/>
    <property name="java.specification.version" value="1.8"/>
    <property name="sun.cpu.isalist" value=""/>
    <property name="sun.jnu.encoding" value="UTF-8"/>
    <property name="java.class.path" value="/Applications/IntelliJ IDEA CE.app/Contents/plugins/maven/lib/maven3/boot/plexus-classworlds-2.5.2.jar:/Applications/IntelliJ IDEA CE.app/Contents/lib/idea_rt.jar"/>
    <property name="java.vm.vendor" value="Oracle Corporation"/>
    <property name="sun.arch.data.model" value="64"/>
    <property name="java.vendor.url" value="http://java.oracle.com/"/>
    <property name="user.timezone" value="Europe/Istanbul"/>
    <property name="os.name" value="Mac OS X"/>
    <property name="java.vm.specification.version" value="1.8"/>
    <property name="user.country" value="TR"/>
    <property name="sun.java.launcher" value="SUN_STANDARD"/>
    <property name="sun.boot.library.path" value="/Library/Java/JavaVirtualMachines/jdk1.8.0_101.jdk/Contents/Home/jre/lib"/>
    <property name="sun.java.command" value="org.codehaus.classworlds.Launcher -Didea.version=2018.3.6 clean verify"/>
    <property name="http.nonProxyHosts" value="local|*.local|169.254/16|*.169.254/16"/>
    <property name="maven.home" value="/Applications/IntelliJ IDEA CE.app/Contents/plugins/maven/lib/maven3"/>
    <property name="surefire.test.class.path" value="/Users/BERKYILMAZER/comberktest/target/test-classes:/Users/BERKYILMAZER/comberktest/target/classes:/Users/BERKYILMAZER/.m2/repository/org/seleniumhq/selenium/selenium-java/3.4.0/selenium-java-3.4.0.jar:/Users/BERKYILMAZER/.m2/repository/org/seleniumhq/selenium/selenium-api/3.4.0/selenium-api-3.4.0.jar:/Users/BERKYILMAZER/.m2/repository/org/seleniumhq/selenium/selenium-chrome-driver/3.4.0/selenium-chrome-driver-3.4.0.jar:/Users/BERKYILMAZER/.m2/repository/org/seleniumhq/selenium/selenium-edge-driver/3.4.0/selenium-edge-driver-3.4.0.jar:/Users/BERKYILMAZER/.m2/repository/org/seleniumhq/selenium/selenium-firefox-driver/3.4.0/selenium-firefox-driver-3.4.0.jar:/Users/BERKYILMAZER/.m2/repository/org/seleniumhq/selenium/selenium-ie-driver/3.4.0/selenium-ie-driver-3.4.0.jar:/Users/BERKYILMAZER/.m2/repository/org/seleniumhq/selenium/selenium-opera-driver/3.4.0/selenium-opera-driver-3.4.0.jar:/Users/BERKYILMAZER/.m2/repository/org/seleniumhq/selenium/selenium-remote-driver/3.4.0/selenium-remote-driver-3.4.0.jar:/Users/BERKYILMAZER/.m2/repository/org/seleniumhq/selenium/selenium-safari-driver/3.4.0/selenium-safari-driver-3.4.0.jar:/Users/BERKYILMAZER/.m2/repository/org/seleniumhq/selenium/selenium-support/3.4.0/selenium-support-3.4.0.jar:/Users/BERKYILMAZER/.m2/repository/cglib/cglib-nodep/3.2.4/cglib-nodep-3.2.4.jar:/Users/BERKYILMAZER/.m2/repository/org/apache/commons/commons-exec/1.3/commons-exec-1.3.jar:/Users/BERKYILMAZER/.m2/repository/org/apache/commons/commons-lang3/3.5/commons-lang3-3.5.jar:/Users/BERKYILMAZER/.m2/repository/commons-codec/commons-codec/1.10/commons-codec-1.10.jar:/Users/BERKYILMAZER/.m2/repository/commons-io/commons-io/2.5/commons-io-2.5.jar:/Users/BERKYILMAZER/.m2/repository/commons-logging/commons-logging/1.2/commons-logging-1.2.jar:/Users/BERKYILMAZER/.m2/repository/org/w3c/css/sac/1.3/sac-1.3.jar:/Users/BERKYILMAZER/.m2/repository/net/sourceforge/cssparser/cssparser/0.9.22/cssparser-0.9.22.jar:/Users/BERKYILMAZER/.m2/repository/com/google/code/gson/gson/2.8.0/gson-2.8.0.jar:/Users/BERKYILMAZER/.m2/repository/com/google/guava/guava/21.0/guava-21.0.jar:/Users/BERKYILMAZER/.m2/repository/org/hamcrest/hamcrest-core/1.3/hamcrest-core-1.3.jar:/Users/BERKYILMAZER/.m2/repository/net/sourceforge/htmlunit/htmlunit/2.26/htmlunit-2.26.jar:/Users/BERKYILMAZER/.m2/repository/net/sourceforge/htmlunit/htmlunit-core-js/2.26/htmlunit-core-js-2.26.jar:/Users/BERKYILMAZER/.m2/repository/net/sourceforge/htmlunit/neko-htmlunit/2.25/neko-htmlunit-2.25.jar:/Users/BERKYILMAZER/.m2/repository/org/apache/httpcomponents/httpclient/4.5.3/httpclient-4.5.3.jar:/Users/BERKYILMAZER/.m2/repository/org/apache/httpcomponents/httpcore/4.4.6/httpcore-4.4.6.jar:/Users/BERKYILMAZER/.m2/repository/org/apache/httpcomponents/httpmime/4.5.3/httpmime-4.5.3.jar:/Users/BERKYILMAZER/.m2/repository/org/eclipse/jetty/jetty-io/9.4.1.v20170120/jetty-io-9.4.1.v20170120.jar:/Users/BERKYILMAZER/.m2/repository/org/eclipse/jetty/jetty-util/9.4.1.v20170120/jetty-util-9.4.1.v20170120.jar:/Users/BERKYILMAZER/.m2/repository/net/java/dev/jna/jna/4.1.0/jna-4.1.0.jar:/Users/BERKYILMAZER/.m2/repository/net/java/dev/jna/jna-platform/4.1.0/jna-platform-4.1.0.jar:/Users/BERKYILMAZER/.m2/repository/com/codeborne/phantomjsdriver/1.4.0/phantomjsdriver-1.4.0.jar:/Users/BERKYILMAZER/.m2/repository/org/seleniumhq/selenium/htmlunit-driver/2.26/htmlunit-driver-2.26.jar:/Users/BERKYILMAZER/.m2/repository/javax/servlet/javax.servlet-api/3.1.0/javax.servlet-api-3.1.0.jar:/Users/BERKYILMAZER/.m2/repository/org/eclipse/jetty/websocket/websocket-api/9.4.3.v20170317/websocket-api-9.4.3.v20170317.jar:/Users/BERKYILMAZER/.m2/repository/org/eclipse/jetty/websocket/websocket-client/9.4.3.v20170317/websocket-client-9.4.3.v20170317.jar:/Users/BERKYILMAZER/.m2/repository/org/eclipse/jetty/jetty-client/9.4.3.v20170317/jetty-client-9.4.3.v20170317.jar:/Users/BERKYILMAZER/.m2/repository/org/eclipse/jetty/jetty-http/9.4.3.v20170317/jetty-http-9.4.3.v20170317.jar:/Users/BERKYILMAZER/.m2/repository/org/eclipse/jetty/websocket/websocket-common/9.4.3.v20170317/websocket-common-9.4.3.v20170317.jar:/Users/BERKYILMAZER/.m2/repository/xalan/serializer/2.7.2/serializer-2.7.2.jar:/Users/BERKYILMAZER/.m2/repository/xalan/xalan/2.7.2/xalan-2.7.2.jar:/Users/BERKYILMAZER/.m2/repository/xerces/xercesImpl/2.11.0/xercesImpl-2.11.0.jar:/Users/BERKYILMAZER/.m2/repository/xml-apis/xml-apis/1.4.01/xml-apis-1.4.01.jar:/Users/BERKYILMAZER/.m2/repository/junit/junit/4.12/junit-4.12.jar:/Users/BERKYILMAZER/.m2/repository/info/cukes/cucumber-junit/1.2.5/cucumber-junit-1.2.5.jar:/Users/BERKYILMAZER/.m2/repository/info/cukes/cucumber-core/1.2.5/cucumber-core-1.2.5.jar:/Users/BERKYILMAZER/.m2/repository/info/cukes/cucumber-html/0.2.3/cucumber-html-0.2.3.jar:/Users/BERKYILMAZER/.m2/repository/info/cukes/cucumber-java/1.2.5/cucumber-java-1.2.5.jar:/Users/BERKYILMAZER/.m2/repository/info/cukes/cucumber-jvm-deps/1.0.5/cucumber-jvm-deps-1.0.5.jar:/Users/BERKYILMAZER/.m2/repository/info/cukes/gherkin/2.12.2/gherkin-2.12.2.jar:/Users/BERKYILMAZER/.m2/repository/org/hamcrest/hamcrest-all/1.3/hamcrest-all-1.3.jar:/Users/BERKYILMAZER/.m2/repository/info/cukes/cucumber-picocontainer/1.2.5/cucumber-picocontainer-1.2.5.jar:/Users/BERKYILMAZER/.m2/repository/org/picocontainer/picocontainer/2.15/picocontainer-2.15.jar:/Users/BERKYILMAZER/.m2/repository/info/cukes/cucumber-testng/1.2.5/cucumber-testng-1.2.5.jar:/Users/BERKYILMAZER/.m2/repository/org/testng/testng/6.9.10/testng-6.9.10.jar:/Users/BERKYILMAZER/.m2/repository/com/beust/jcommander/1.48/jcommander-1.48.jar:/Users/BERKYILMAZER/.m2/repository/org/beanshell/bsh/2.0b4/bsh-2.0b4.jar:/Users/BERKYILMAZER/.m2/repository/com/aventstack/extentreports/3.0.5/extentreports-3.0.5.jar:/Users/BERKYILMAZER/.m2/repository/org/mongodb/mongodb-driver/3.3.0/mongodb-driver-3.3.0.jar:/Users/BERKYILMAZER/.m2/repository/org/mongodb/bson/3.3.0/bson-3.3.0.jar:/Users/BERKYILMAZER/.m2/repository/org/mongodb/mongodb-driver-core/3.3.0/mongodb-driver-core-3.3.0.jar:/Users/BERKYILMAZER/.m2/repository/org/jsoup/jsoup/1.9.2/jsoup-1.9.2.jar:/Users/BERKYILMAZER/.m2/repository/org/freemarker/freemarker/2.3.26-incubating/freemarker-2.3.26-incubating.jar:/Users/BERKYILMAZER/.m2/repository/net/masterthought/cucumber-reporting/3.6.0/cucumber-reporting-3.6.0.jar:/Users/BERKYILMAZER/.m2/repository/org/apache/logging/log4j/log4j-api/2.6/log4j-api-2.6.jar:/Users/BERKYILMAZER/.m2/repository/org/apache/logging/log4j/log4j-core/2.6/log4j-core-2.6.jar:/Users/BERKYILMAZER/.m2/repository/com/fasterxml/jackson/core/jackson-databind/2.8.5/jackson-databind-2.8.5.jar:/Users/BERKYILMAZER/.m2/repository/com/fasterxml/jackson/core/jackson-annotations/2.8.0/jackson-annotations-2.8.0.jar:/Users/BERKYILMAZER/.m2/repository/com/fasterxml/jackson/core/jackson-core/2.8.5/jackson-core-2.8.5.jar:/Users/BERKYILMAZER/.m2/repository/org/apache/velocity/velocity/1.7/velocity-1.7.jar:/Users/BERKYILMAZER/.m2/repository/commons-collections/commons-collections/3.2.1/commons-collections-3.2.1.jar:/Users/BERKYILMAZER/.m2/repository/commons-lang/commons-lang/2.4/commons-lang-2.4.jar:/Users/BERKYILMAZER/.m2/repository/velocity-tools/velocity-tools/1.4/velocity-tools-1.4.jar:/Users/BERKYILMAZER/.m2/repository/joda-time/joda-time/2.9.6/joda-time-2.9.6.jar:/Users/BERKYILMAZER/.m2/repository/net/lingala/zip4j/zip4j/1.3.2/zip4j-1.3.2.jar:/Users/BERKYILMAZER/.m2/repository/org/codehaus/plexus/plexus-utils/3.0.24/plexus-utils-3.0.24.jar:/Users/BERKYILMAZER/.m2/repository/com/vimalselvam/cucumber-extentsreport/2.0.4/cucumber-extentsreport-2.0.4.jar:/Users/BERKYILMAZER/.m2/repository/io/github/bonigarcia/webdrivermanager/2.2.1/webdrivermanager-2.2.1.jar:/Users/BERKYILMAZER/.m2/repository/org/slf4j/slf4j-api/1.7.24/slf4j-api-1.7.24.jar:/Users/BERKYILMAZER/.m2/repository/org/rauschig/jarchivelib/0.7.1/jarchivelib-0.7.1.jar:/Users/BERKYILMAZER/.m2/repository/org/apache/commons/commons-compress/1.9/commons-compress-1.9.jar:/Users/BERKYILMAZER/.m2/repository/ch/qos/logback/logback-classic/1.2.3/logback-classic-1.2.3.jar:/Users/BERKYILMAZER/.m2/repository/ch/qos/logback/logback-core/1.2.3/logback-core-1.2.3.jar:/Users/BERKYILMAZER/.m2/repository/org/hashids/hashids/1.0.1/hashids-1.0.1.jar:/Users/BERKYILMAZER/.m2/repository/org/apache/maven/surefire/surefire-testng-utils/2.22.0/surefire-testng-utils-2.22.0.jar:/Users/BERKYILMAZER/.m2/repository/org/apache/maven/surefire/surefire-grouper/2.22.0/surefire-grouper-2.22.0.jar:"/>
    <property name="sun.cpu.endian" value="little"/>
    <property name="user.home" value="/Users/BERKYILMAZER"/>
    <property name="user.language" value="tr"/>
    <property name="java.specification.vendor" value="Oracle Corporation"/>
    <property name="java.home" value="/Library/Java/JavaVirtualMachines/jdk1.8.0_101.jdk/Contents/Home/jre"/>
    <property name="basedir" value="/Users/BERKYILMAZER/comberktest"/>
    <property name="file.separator" value="/"/>
    <property name="line.separator" value="&#10;"/>
    <property name="java.vm.specification.vendor" value="Oracle Corporation"/>
    <property name="java.specification.name" value="Java Platform API Specification"/>
    <property name="java.awt.graphicsenv" value="sun.awt.CGraphicsEnvironment"/>
    <property name="sun.boot.class.path" value="/Library/Java/JavaVirtualMachines/jdk1.8.0_101.jdk/Contents/Home/jre/lib/resources.jar:/Library/Java/JavaVirtualMachines/jdk1.8.0_101.jdk/Contents/Home/jre/lib/rt.jar:/Library/Java/JavaVirtualMachines/jdk1.8.0_101.jdk/Contents/Home/jre/lib/sunrsasign.jar:/Library/Java/JavaVirtualMachines/jdk1.8.0_101.jdk/Contents/Home/jre/lib/jsse.jar:/Library/Java/JavaVirtualMachines/jdk1.8.0_101.jdk/Contents/Home/jre/lib/jce.jar:/Library/Java/JavaVirtualMachines/jdk1.8.0_101.jdk/Contents/Home/jre/lib/charsets.jar:/Library/Java/JavaVirtualMachines/jdk1.8.0_101.jdk/Contents/Home/jre/lib/jfr.jar:/Library/Java/JavaVirtualMachines/jdk1.8.0_101.jdk/Contents/Home/jre/classes"/>
    <property name="sun.management.compiler" value="HotSpot 64-Bit Tiered Compilers"/>
    <property name="ftp.nonProxyHosts" value="local|*.local|169.254/16|*.169.254/16"/>
    <property name="java.runtime.version" value="1.8.0_101-b13"/>
    <property name="user.name" value="BERKYILMAZER"/>
    <property name="path.separator" value=":"/>
    <property name="os.version" value="10.14.4"/>
    <property name="java.endorsed.dirs" value="/Library/Java/JavaVirtualMachines/jdk1.8.0_101.jdk/Contents/Home/jre/lib/endorsed"/>
    <property name="java.runtime.name" value="Java(TM) SE Runtime Environment"/>
    <property name="file.encoding" value="UTF-8"/>
    <property name="guice.disable.misplaced.annotation.check" value="true"/>
    <property name="java.vm.name" value="Java HotSpot(TM) 64-Bit Server VM"/>
    <property name="localRepository" value="/Users/BERKYILMAZER/.m2/repository"/>
    <property name="java.vendor.url.bug" value="http://bugreport.sun.com/bugreport/"/>
    <property name="java.io.tmpdir" value="/var/folders/cl/dp0_2m3s2rx99p5p_z0v_y280000gn/T/"/>
    <property name="idea.version" value="2018.3.6"/>
    <property name="java.version" value="1.8.0_101"/>
    <property name="user.dir" value="/Users/BERKYILMAZER/comberktest"/>
    <property name="os.arch" value="x86_64"/>
    <property name="maven.multiModuleProjectDirectory" value="/Users/BERKYILMAZER/comberktest"/>
    <property name="java.vm.specification.name" value="Java Virtual Machine Specification"/>
    <property name="java.awt.printerjob" value="sun.lwawt.macosx.CPrinterJob"/>
    <property name="sun.os.patch.level" value="unknown"/>
    <property name="java.library.path" value="/Users/BERKYILMAZER/Library/Java/Extensions:/Library/Java/Extensions:/Network/Library/Java/Extensions:/System/Library/Java/Extensions:/usr/lib/java:."/>
    <property name="java.vm.info" value="mixed mode"/>
    <property name="java.vendor" value="Oracle Corporation"/>
    <property name="java.vm.version" value="25.101-b13"/>
    <property name="classworlds.conf" value="/Applications/IntelliJ IDEA CE.app/Contents/plugins/maven/lib/maven3/bin/m2.conf"/>
    <property name="java.ext.dirs" value="/Users/BERKYILMAZER/Library/Java/Extensions:/Library/Java/JavaVirtualMachines/jdk1.8.0_101.jdk/Contents/Home/jre/lib/ext:/Library/Java/Extensions:/Network/Library/Java/Extensions:/System/Library/Java/Extensions:/usr/lib/java"/>
    <property name="sun.io.unicode.encoding" value="UnicodeBig"/>
    <property name="java.class.version" value="52.0"/>
    <property name="socksNonProxyHosts" value="local|*.local|169.254/16|*.169.254/16"/>
  </properties>
</testsuite>